#
# There is insufficient memory for the Java Runtime Environment to continue.
# Native memory allocation (malloc) failed to allocate 32744 bytes for ChunkPool::allocate
# Possible reasons:
#   The system is out of physical RAM or swap space
#   The process is running with CompressedOops enabled, and the Java Heap may be blocking the growth of the native heap
# Possible solutions:
#   Reduce memory load on the system
#   Increase physical memory or swap space
#   Check if swap backing store is full
#   Decrease Java heap size (-Xmx/-Xms)
#   Decrease number of Java threads
#   Decrease Java thread stack sizes (-Xss)
#   Set larger code cache with -XX:ReservedCodeCacheSize=
#   JVM is running with Unscaled Compressed Oops mode in which the Java heap is
#     placed in the first 4GB address space. The Java Heap base address is the
#     maximum limit for the native heap growth. Please use -XX:HeapBaseMinAddress
#     to set the Java Heap base and to place the Java Heap above 4GB virtual address.
# This output file may be truncated or incomplete.
#
#  Out of Memory Error (allocation.cpp:272), pid=7732, tid=0x000000000000051c
#
# JRE version: Java(TM) SE Runtime Environment (8.0_211-b12) (build 1.8.0_211-b12)
# Java VM: Java HotSpot(TM) 64-Bit Server VM (25.211-b12 mixed mode windows-amd64 compressed oops)
# Failed to write core dump. Minidumps are not enabled by default on client versions of Windows
#

---------------  T H R E A D  ---------------

Current thread (0x0000000015234800):  JavaThread "C2 CompilerThread1" daemon [_thread_in_native, id=1308, stack(0x0000000016980000,0x0000000016a80000)]

Stack: [0x0000000016980000,0x0000000016a80000]
[error occurred during error reporting (printing stack bounds), id 0xc0000005]

Native frames: (J=compiled Java code, j=interpreted, Vv=VM code, C=native code)


Current CompileTask:
C2:    530  280       4       java.util.Arrays::copyOfRange (63 bytes)


---------------  P R O C E S S  ---------------

Java Threads: ( => current thread )
  0x0000000016ba3000 JavaThread "Service Thread" daemon [_thread_blocked, id=2660, stack(0x0000000016f80000,0x0000000017080000)]
  0x000000001523b800 JavaThread "C1 CompilerThread2" daemon [_thread_in_native, id=8628, stack(0x0000000016a80000,0x0000000016b80000)]
=>0x0000000015234800 JavaThread "C2 CompilerThread1" daemon [_thread_in_native, id=1308, stack(0x0000000016980000,0x0000000016a80000)]
  0x000000001522f800 JavaThread "C2 CompilerThread0" daemon [_thread_in_native, id=5844, stack(0x0000000016880000,0x0000000016980000)]
  0x000000001522e000 JavaThread "Attach Listener" daemon [_thread_blocked, id=5420, stack(0x0000000016780000,0x0000000016880000)]
  0x000000001522d000 JavaThread "Signal Dispatcher" daemon [_thread_blocked, id=9020, stack(0x0000000016680000,0x0000000016780000)]
  0x000000001521a800 JavaThread "Finalizer" daemon [_thread_blocked, id=7988, stack(0x0000000016490000,0x0000000016590000)]
  0x0000000002c13000 JavaThread "Reference Handler" daemon [_thread_blocked, id=13100, stack(0x0000000016390000,0x0000000016490000)]
  0x0000000002b22800 JavaThread "main" [_thread_in_vm, id=7428, stack(0x0000000002990000,0x0000000002a90000)]

Other Threads:
  0x00000000151f8000 VMThread [stack: 0x0000000016290000,0x0000000016390000] [id=2524]
  0x0000000016bcd000 WatcherThread [stack: 0x0000000017080000,0x0000000017180000] [id=8664]

VM state:not at safepoint (normal execution)

VM Mutex/Monitor currently owned by a thread: None

heap address: 0x00000000c1400000, size: 1004 MB, Compressed Oops mode: 32-bit
Narrow klass base: 0x0000000000000000, Narrow klass shift: 3
Compressed class space size: 1073741824 Address: 0x0000000100000000

Heap:
 PSYoungGen      total 18944K, used 11563K [0x00000000eb180000, 0x00000000ec680000, 0x0000000100000000)
  eden space 16384K, 66% used [0x00000000eb180000,0x00000000ebc2bbf8,0x00000000ec180000)
  from space 2560K, 24% used [0x00000000ec180000,0x00000000ec21f008,0x00000000ec400000)
  to   space 2560K, 0% used [0x00000000ec400000,0x00000000ec400000,0x00000000ec680000)
 ParOldGen       total 44032K, used 8K [0x00000000c1400000, 0x00000000c3f00000, 0x00000000eb180000)
  object space 44032K, 0% used [0x00000000c1400000,0x00000000c1402000,0x00000000c3f00000)
 Metaspace       used 4671K, capacity 5776K, committed 6016K, reserved 1056768K
  class space    used 575K, capacity 584K, committed 640K, reserved 1048576K

Card table byte_map: [0x0000000011fe0000,0x00000000121e0000] byte_map_base: 0x00000000119d6000

Marking Bits: (ParMarkBitMap*) 0x00000000664d5ce0
 Begin Bits: [0x0000000012730000, 0x00000000136e0000)
 End Bits:   [0x00000000136e0000, 0x0000000014690000)

Polling page: 0x00000000009f0000

CodeCache: size=245760Kb used=1677Kb max_used=1677Kb free=244082Kb
 bounds [0x0000000002c20000, 0x0000000002e90000, 0x0000000011c20000]
 total_blobs=525 nmethods=274 adapters=164
 compilation: enabled

Compilation events (10 events):
Event: 0.502 Thread 0x000000001523b800 nmethod 272 0x0000000002db9690 code [0x0000000002db9820, 0x0000000002db9cd8]
Event: 0.506 Thread 0x000000001523b800  273   !   3       java.net.URL::<init> (543 bytes)
Event: 0.507 Thread 0x0000000015234800 nmethod 249 0x0000000002dc1290 code [0x0000000002dc14a0, 0x0000000002dc2370]
Event: 0.511 Thread 0x000000001523b800 nmethod 273 0x0000000002dc3550 code [0x0000000002dc3a20, 0x0000000002dc6ad8]
Event: 0.511 Thread 0x000000001523b800  274       3       java.util.jar.Attributes$Name::equals (39 bytes)
Event: 0.511 Thread 0x000000001523b800 nmethod 274 0x0000000002db8f10 code [0x0000000002db90a0, 0x0000000002db9548]
Event: 0.511 Thread 0x000000001523b800  275       3       sun.misc.ASCIICaseInsensitiveComparator::compare (13 bytes)
Event: 0.511 Thread 0x000000001523b800 nmethod 275 0x0000000002dc0cd0 code [0x0000000002dc0e40, 0x0000000002dc11a8]
Event: 0.515 Thread 0x000000001523b800  276       3       java.net.URLStreamHandler::parseURL (1193 bytes)
Event: 0.524 Thread 0x0000000015234800  280       4       java.util.Arrays::copyOfRange (63 bytes)

GC Heap History (2 events):
Event: 0.232 GC heap before
{Heap before GC invocations=1 (full 0):
 PSYoungGen      total 18944K, used 16356K [0x00000000eb180000, 0x00000000ec680000, 0x0000000100000000)
  eden space 16384K, 99% used [0x00000000eb180000,0x00000000ec179060,0x00000000ec180000)
  from space 2560K, 0% used [0x00000000ec400000,0x00000000ec400000,0x00000000ec680000)
  to   space 2560K, 0% used [0x00000000ec180000,0x00000000ec180000,0x00000000ec400000)
 ParOldGen       total 44032K, used 0K [0x00000000c1400000, 0x00000000c3f00000, 0x00000000eb180000)
  object space 44032K, 0% used [0x00000000c1400000,0x00000000c1400000,0x00000000c3f00000)
 Metaspace       used 2678K, capacity 4490K, committed 4864K, reserved 1056768K
  class space    used 298K, capacity 386K, committed 512K, reserved 1048576K
Event: 0.233 GC heap after
Heap after GC invocations=1 (full 0):
 PSYoungGen      total 18944K, used 636K [0x00000000eb180000, 0x00000000ec680000, 0x0000000100000000)
  eden space 16384K, 0% used [0x00000000eb180000,0x00000000eb180000,0x00000000ec180000)
  from space 2560K, 24% used [0x00000000ec180000,0x00000000ec21f008,0x00000000ec400000)
  to   space 2560K, 0% used [0x00000000ec400000,0x00000000ec400000,0x00000000ec680000)
 ParOldGen       total 44032K, used 8K [0x00000000c1400000, 0x00000000c3f00000, 0x00000000eb180000)
  object space 44032K, 0% used [0x00000000c1400000,0x00000000c1402000,0x00000000c3f00000)
 Metaspace       used 2678K, capacity 4490K, committed 4864K, reserved 1056768K
  class space    used 298K, capacity 386K, committed 512K, reserved 1048576K
}

Deoptimization events (0 events):
No events

Classes redefined (0 events):
No events

Internal exceptions (6 events):
Event: 0.068 Thread 0x0000000002b22800 Exception <a 'java/lang/NoSuchMethodError': Method sun.misc.Unsafe.defineClass(Ljava/lang/String;[BII)Ljava/lang/Class; name or signature does not match> (0x00000000eb187cb0) thrown at [C:\re\workspace\8-2-build-windows-amd64-cygwin\jdk8u211\12973\hotspot
Event: 0.068 Thread 0x0000000002b22800 Exception <a 'java/lang/NoSuchMethodError': Method sun.misc.Unsafe.prefetchRead(Ljava/lang/Object;J)V name or signature does not match> (0x00000000eb187f98) thrown at [C:\re\workspace\8-2-build-windows-amd64-cygwin\jdk8u211\12973\hotspot\src\share\vm\prim
Event: 0.295 Thread 0x0000000002b22800 Exception <a 'java/security/PrivilegedActionException'> (0x00000000eb728c20) thrown at [C:\re\workspace\8-2-build-windows-amd64-cygwin\jdk8u211\12973\hotspot\src\share\vm\prims\jvm.cpp, line 1502]
Event: 0.295 Thread 0x0000000002b22800 Exception <a 'java/security/PrivilegedActionException'> (0x00000000eb728e30) thrown at [C:\re\workspace\8-2-build-windows-amd64-cygwin\jdk8u211\12973\hotspot\src\share\vm\prims\jvm.cpp, line 1502]
Event: 0.297 Thread 0x0000000002b22800 Exception <a 'java/security/PrivilegedActionException'> (0x00000000eb72cc88) thrown at [C:\re\workspace\8-2-build-windows-amd64-cygwin\jdk8u211\12973\hotspot\src\share\vm\prims\jvm.cpp, line 1502]
Event: 0.297 Thread 0x0000000002b22800 Exception <a 'java/security/PrivilegedActionException'> (0x00000000eb72ce98) thrown at [C:\re\workspace\8-2-build-windows-amd64-cygwin\jdk8u211\12973\hotspot\src\share\vm\prims\jvm.cpp, line 1502]

Events (10 events):
Event: 0.521 loading class org/hibernate/boot/model/naming/PhysicalNamingStrategyStandardImpl
Event: 0.521 loading class org/hibernate/boot/model/naming/PhysicalNamingStrategyStandardImpl done
Event: 0.522 loading class org/hibernate/boot/registry/StandardServiceRegistryBuilder
Event: 0.522 loading class org/hibernate/boot/registry/StandardServiceRegistryBuilder done
Event: 0.523 loading class org/hibernate/boot/registry/StandardServiceRegistry
Event: 0.523 loading class org/hibernate/boot/registry/StandardServiceRegistry done
Event: 0.524 loading class org/hibernate/boot/cfgxml/spi/LoadedConfig
Event: 0.524 loading class org/hibernate/boot/cfgxml/spi/LoadedConfig done
Event: 0.526 loading class org/hibernate/service/StandardServiceInitiators
Event: 0.526 loading class org/hibernate/service/StandardServiceInitiators done


Dynamic libraries:
0x00007ff7b9e20000 - 0x00007ff7b9e57000 	C:\Program Files\Java\jre1.8.0_211\bin\javaw.exe
0x00007ffdac9e0000 - 0x00007ffdacbc1000 	C:\WINDOWS\SYSTEM32\ntdll.dll
0x00007ffdabc20000 - 0x00007ffdabcd1000 	C:\WINDOWS\System32\KERNEL32.DLL
0x00007ffda9060000 - 0x00007ffda92d3000 	C:\WINDOWS\System32\KERNELBASE.dll
0x00007ffda9e60000 - 0x00007ffda9f01000 	C:\WINDOWS\System32\ADVAPI32.dll
0x00007ffdab360000 - 0x00007ffdab3fe000 	C:\WINDOWS\System32\msvcrt.dll
0x00007ffdab590000 - 0x00007ffdab5eb000 	C:\WINDOWS\System32\sechost.dll
0x00007ffdab400000 - 0x00007ffdab524000 	C:\WINDOWS\System32\RPCRT4.dll
0x00007ffdac6c0000 - 0x00007ffdac850000 	C:\WINDOWS\System32\USER32.dll
0x00007ffda9ca0000 - 0x00007ffda9cc0000 	C:\WINDOWS\System32\win32u.dll
0x00007ffdab8c0000 - 0x00007ffdab8e8000 	C:\WINDOWS\System32\GDI32.dll
0x00007ffda9cc0000 - 0x00007ffda9e51000 	C:\WINDOWS\System32\gdi32full.dll
0x00007ffda93e0000 - 0x00007ffda947f000 	C:\WINDOWS\System32\msvcp_win.dll
0x00007ffda92e0000 - 0x00007ffda93d8000 	C:\WINDOWS\System32\ucrtbase.dll
0x00007ffd98df0000 - 0x00007ffd99059000 	C:\WINDOWS\WinSxS\amd64_microsoft.windows.common-controls_6595b64144ccf1df_6.0.17134.1365_none_d401d10f7c8e8b9b\COMCTL32.dll
0x00007ffdac2f0000 - 0x00007ffdac611000 	C:\WINDOWS\System32\combase.dll
0x00007ffda8fe0000 - 0x00007ffda9059000 	C:\WINDOWS\System32\bcryptPrimitives.dll
0x00007ffdab6e0000 - 0x00007ffdab70d000 	C:\WINDOWS\System32\IMM32.DLL
0x0000000065790000 - 0x0000000065862000 	C:\Program Files\Java\jre1.8.0_211\bin\msvcr100.dll
0x0000000065cb0000 - 0x0000000066555000 	C:\Program Files\Java\jre1.8.0_211\bin\server\jvm.dll
0x00007ffdabe10000 - 0x00007ffdabe18000 	C:\WINDOWS\System32\PSAPI.DLL
0x00007ffda4860000 - 0x00007ffda4869000 	C:\WINDOWS\SYSTEM32\WSOCK32.dll
0x00007ffda69f0000 - 0x00007ffda6a13000 	C:\WINDOWS\SYSTEM32\WINMM.dll
0x00007ffdab850000 - 0x00007ffdab8bc000 	C:\WINDOWS\System32\WS2_32.dll
0x00007ffd9a0e0000 - 0x00007ffd9a0ea000 	C:\WINDOWS\SYSTEM32\VERSION.dll
0x00007ffda69c0000 - 0x00007ffda69ea000 	C:\WINDOWS\SYSTEM32\WINMMBASE.dll
0x00007ffda8f90000 - 0x00007ffda8fd9000 	C:\WINDOWS\System32\cfgmgr32.dll
0x00007ffd81a20000 - 0x00007ffd81a2f000 	C:\Program Files\Java\jre1.8.0_211\bin\verify.dll
0x00007ffd77820000 - 0x00007ffd77849000 	C:\Program Files\Java\jre1.8.0_211\bin\java.dll
0x00007ffd809e0000 - 0x00007ffd809f6000 	C:\Program Files\Java\jre1.8.0_211\bin\zip.dll
0x00007ffda9f10000 - 0x00007ffdab355000 	C:\WINDOWS\System32\SHELL32.dll
0x00007ffdab780000 - 0x00007ffdab829000 	C:\WINDOWS\System32\shcore.dll
0x00007ffda9590000 - 0x00007ffda9ca0000 	C:\WINDOWS\System32\windows.storage.dll
0x00007ffdab720000 - 0x00007ffdab771000 	C:\WINDOWS\System32\shlwapi.dll
0x00007ffda8d60000 - 0x00007ffda8d71000 	C:\WINDOWS\System32\kernel.appcore.dll
0x00007ffda8d80000 - 0x00007ffda8d9f000 	C:\WINDOWS\System32\profapi.dll
0x00007ffda8d00000 - 0x00007ffda8d4c000 	C:\WINDOWS\System32\powrprof.dll
0x00007ffda8d50000 - 0x00007ffda8d5a000 	C:\WINDOWS\System32\FLTLIB.DLL

VM Arguments:
jvm_args: -Dfile.encoding=Cp1252 
java_command: com.virtusa.main.MobileMain
java_class_path (initial): C:\Program Files\Java\jre1.8.0_211\lib\resources.jar;C:\Program Files\Java\jre1.8.0_211\lib\rt.jar;C:\Program Files\Java\jre1.8.0_211\lib\jsse.jar;C:\Program Files\Java\jre1.8.0_211\lib\jce.jar;C:\Program Files\Java\jre1.8.0_211\lib\charsets.jar;C:\Program Files\Java\jre1.8.0_211\lib\jfr.jar;C:\Program Files\Java\jre1.8.0_211\lib\ext\access-bridge-64.jar;C:\Program Files\Java\jre1.8.0_211\lib\ext\cldrdata.jar;C:\Program Files\Java\jre1.8.0_211\lib\ext\dnsns.jar;C:\Program Files\Java\jre1.8.0_211\lib\ext\jaccess.jar;C:\Program Files\Java\jre1.8.0_211\lib\ext\jfxrt.jar;C:\Program Files\Java\jre1.8.0_211\lib\ext\localedata.jar;C:\Program Files\Java\jre1.8.0_211\lib\ext\nashorn.jar;C:\Program Files\Java\jre1.8.0_211\lib\ext\sunec.jar;C:\Program Files\Java\jre1.8.0_211\lib\ext\sunjce_provider.jar;C:\Program Files\Java\jre1.8.0_211\lib\ext\sunmscapi.jar;C:\Program Files\Java\jre1.8.0_211\lib\ext\sunpkcs11.jar;C:\Program Files\Java\jre1.8.0_211\lib\ext\zipfs.jar;C:\Users\Damodar Reddy\eclipse-workspace\hibernatepractice2\target\classes;C:\Users\Damodar Reddy\.m2\repository\mysql\mysql-connector-java\5.1.38\mysql-connector-java-5.1.38.jar;C:\Users\Damodar Reddy\.m2\repository\org\hibernate\hibernate-entitymanager\5.1.2.Final\hibernate-entitymanager-5.1.2.Final.jar;C:\Users\Damodar Reddy\.m2\repository\org\jboss\logging\jboss-logging\3.3.0.Final\jboss-logging-3.3.0.Final.jar;C:\Users\Damodar Reddy\.m2\repository\org\hibernate\hibernate-core\5.1.2.Final\hibernate-core-5.1.2.Final.jar;C:\Users\Damodar Reddy\.m2\repository\antlr\antlr\2.7.7\antlr-2.7.7.jar;C:\Users\Damodar Reddy\.m2\repository\org\jboss\jandex\2.0.0.Final\jandex-2.0.0.Final.jar;C:\Users\Damodar Reddy\.m2\repository\com\fasterxml\classmate\1.3.0\classmate-1.3.0.jar;C:\Users\Damodar Reddy\.m2\repository\dom4j\dom4j\1.6.1\dom4j-1.6.1.jar;C:\Users\Damodar Reddy\.m2\repository\xml-apis\xml-apis\1.0.b2\xml-apis-1.0.b2.jar;C:\Users\Damodar Reddy\.m2\repository\org\hibernate\common\hibernat
Launcher Type: SUN_STANDARD

Environment Variables:
JAVA_HOME=C:\Program Files\Java\jdk1.8.0_211
PATH=C:/Program Files/Java/jre1.8.0_211/bin/server;C:/Program Files/Java/jre1.8.0_211/bin;C:/Program Files/Java/jre1.8.0_211/lib/amd64;C:\Program Files (x86)\Common Files\Oracle\Java\javapath;C:\WINDOWS\system32;C:\WINDOWS;C:\WINDOWS\System32\Wbem;C:\WINDOWS\System32\WindowsPowerShell\v1.0\;C:\WINDOWS\System32\OpenSSH\;C:\Program Files\Java\jdk1.8.0_211\bin;C:\Program Files\Java\jre1.8.0_211\bin;C:\anakonda;C:\anakonda\condabin;C:\Users\Damodar Reddy\.spyder-py3;C:\Program Files\MySQL\MySQL Shell 8.0\bin\;C:\Users\Damodar Reddy\AppData\Local\Programs\Microsoft VS Code\bin;C:\Users\Damodar Reddy\Downloads\log4j-1.2.17.zip\apache-log4j-1.2.17;;C:\Users\Damodar Reddy\Desktop\softwares\eclipse-jee-photon-R-win32-x86_64\eclipse;
USERNAME=Damodar Reddy
OS=Windows_NT
PROCESSOR_IDENTIFIER=Intel64 Family 6 Model 61 Stepping 4, GenuineIntel



---------------  S Y S T E M  ---------------

OS: Windows 10.0 , 64 bit Build 17134 (10.0.17134.753)

CPU:total 4 (initial active 4) (2 cores per cpu, 2 threads per core) family 6 model 61 stepping 4, cmov, cx8, fxsr, mmx, sse, sse2, sse3, ssse3, sse4.1, sse4.2, popcnt, avx, avx2, aes, clmul, erms, 3dnowpref, lzcnt, ht, tsc, tscinvbit, bmi1, bmi2, adx

Memory: 4k page, physical 4107352k(576812k free), swap 16690264k(3052k free)

vm_info: Java HotSpot(TM) 64-Bit Server VM (25.211-b12) for windows-amd64 JRE (1.8.0_211-b12), built on Apr  1 2019 20:53:26 by "java_re" with MS VC++ 10.0 (VS2010)

time: Wed Apr 08 22:15:54 2020
timezone: India Standard Time
elapsed time: 0 seconds (0d 0h 0m 0s)

