#
# There is insufficient memory for the Java Runtime Environment to continue.
# Native memory allocation (malloc) failed to allocate 1048576 bytes for AllocateHeap
# Possible reasons:
#   The system is out of physical RAM or swap space
#   The process is running with CompressedOops enabled, and the Java Heap may be blocking the growth of the native heap
# Possible solutions:
#   Reduce memory load on the system
#   Increase physical memory or swap space
#   Check if swap backing store is full
#   Decrease Java heap size (-Xmx/-Xms)
#   Decrease number of Java threads
#   Decrease Java thread stack sizes (-Xss)
#   Set larger code cache with -XX:ReservedCodeCacheSize=
#   JVM is running with Unscaled Compressed Oops mode in which the Java heap is
#     placed in the first 4GB address space. The Java Heap base address is the
#     maximum limit for the native heap growth. Please use -XX:HeapBaseMinAddress
#     to set the Java Heap base and to place the Java Heap above 4GB virtual address.
# This output file may be truncated or incomplete.
#
#  Out of Memory Error (memory/allocation.inline.hpp:61), pid=3304, tid=0x0000000000003650
#
# JRE version:  (8.0_211-b12) (build )
# Java VM: Java HotSpot(TM) 64-Bit Server VM (25.211-b12 mixed mode windows-amd64 compressed oops)
# Failed to write core dump. Minidumps are not enabled by default on client versions of Windows
#

---------------  T H R E A D  ---------------

Current thread (0x0000000003192800):  JavaThread "Unknown thread" [_thread_in_vm, id=13904, stack(0x0000000003090000,0x0000000003190000)]

Stack: [0x0000000003090000,0x0000000003190000]
[error occurred during error reporting (printing stack bounds), id 0xc0000005]

Native frames: (J=compiled Java code, j=interpreted, Vv=VM code, C=native code)


---------------  P R O C E S S  ---------------

Java Threads: ( => current thread )

Other Threads:

=>0x0000000003192800 (exited) JavaThread "Unknown thread" [_thread_in_vm, id=13904, stack(0x0000000003090000,0x0000000003190000)]

VM state:not at safepoint (normal execution)

VM Mutex/Monitor currently owned by a thread: None

heap address: 0x00000000c1400000, size: 1004 MB, Compressed Oops mode: 32-bit
Narrow klass base: 0x0000000000000000, Narrow klass shift: 3
Compressed class space size: 1073741824 Address: 0x0000000100000000

Heap:
 PSYoungGen      total 18944K, used 327K [0x00000000eb180000, 0x00000000ec680000, 0x0000000100000000)
  eden space 16384K, 2% used [0x00000000eb180000,0x00000000eb1d1ec8,0x00000000ec180000)
  from space 2560K, 0% used [0x00000000ec400000,0x00000000ec400000,0x00000000ec680000)
  to   space 2560K, 0% used [0x00000000ec180000,0x00000000ec180000,0x00000000ec400000)
 ParOldGen       total 44032K, used 0K [0x00000000c1400000, 0x00000000c3f00000, 0x00000000eb180000)
  object space 44032K, 0% used [0x00000000c1400000,0x00000000c1400000,0x00000000c3f00000)
 Metaspace       used 751K, capacity 4480K, committed 4480K, reserved 1056768K
  class space    used 76K, capacity 384K, committed 384K, reserved 1048576K

Card table byte_map: [0x0000000012650000,0x0000000012850000] byte_map_base: 0x0000000012046000

Marking Bits: (ParMarkBitMap*) 0x00000000664d5ce0
 Begin Bits: [0x0000000012da0000, 0x0000000013d50000)
 End Bits:   [0x0000000013d50000, 0x0000000014d00000)

Polling page: 0x0000000002e10000

CodeCache: size=245760Kb used=328Kb max_used=328Kb free=245431Kb
 bounds [0x0000000003290000, 0x0000000003500000, 0x0000000012290000]
 total_blobs=58 nmethods=0 adapters=38
 compilation: enabled

Compilation events (0 events):
No events

GC Heap History (0 events):
No events

Deoptimization events (0 events):
No events

Classes redefined (0 events):
No events

Internal exceptions (0 events):
No events

Events (10 events):
Event: 0.056 loading class java/lang/Short
Event: 0.056 loading class java/lang/Short done
Event: 0.056 loading class java/lang/Integer
Event: 0.056 loading class java/lang/Integer done
Event: 0.056 loading class java/lang/Long
Event: 0.056 loading class java/lang/Long done
Event: 0.057 loading class java/lang/NullPointerException
Event: 0.057 loading class java/lang/NullPointerException done
Event: 0.057 loading class java/lang/ArithmeticException
Event: 0.057 loading class java/lang/ArithmeticException done


Dynamic libraries:
0x00007ff7b9e20000 - 0x00007ff7b9e57000 	C:\Program Files\Java\jre1.8.0_211\bin\javaw.exe
0x00007ffdac9e0000 - 0x00007ffdacbc1000 	C:\WINDOWS\SYSTEM32\ntdll.dll
0x00007ffdabc20000 - 0x00007ffdabcd1000 	C:\WINDOWS\System32\KERNEL32.DLL
0x00007ffda9060000 - 0x00007ffda92d3000 	C:\WINDOWS\System32\KERNELBASE.dll
0x00007ffda9e60000 - 0x00007ffda9f01000 	C:\WINDOWS\System32\ADVAPI32.dll
0x00007ffdab360000 - 0x00007ffdab3fe000 	C:\WINDOWS\System32\msvcrt.dll
0x00007ffdab590000 - 0x00007ffdab5eb000 	C:\WINDOWS\System32\sechost.dll
0x00007ffdab400000 - 0x00007ffdab524000 	C:\WINDOWS\System32\RPCRT4.dll
0x00007ffdac6c0000 - 0x00007ffdac850000 	C:\WINDOWS\System32\USER32.dll
0x00007ffda9ca0000 - 0x00007ffda9cc0000 	C:\WINDOWS\System32\win32u.dll
0x00007ffdab8c0000 - 0x00007ffdab8e8000 	C:\WINDOWS\System32\GDI32.dll
0x00007ffda9cc0000 - 0x00007ffda9e51000 	C:\WINDOWS\System32\gdi32full.dll
0x00007ffda93e0000 - 0x00007ffda947f000 	C:\WINDOWS\System32\msvcp_win.dll
0x00007ffda92e0000 - 0x00007ffda93d8000 	C:\WINDOWS\System32\ucrtbase.dll
0x00007ffd98df0000 - 0x00007ffd99059000 	C:\WINDOWS\WinSxS\amd64_microsoft.windows.common-controls_6595b64144ccf1df_6.0.17134.1365_none_d401d10f7c8e8b9b\COMCTL32.dll
0x00007ffdac2f0000 - 0x00007ffdac611000 	C:\WINDOWS\System32\combase.dll
0x00007ffda8fe0000 - 0x00007ffda9059000 	C:\WINDOWS\System32\bcryptPrimitives.dll
0x00007ffdab6e0000 - 0x00007ffdab70d000 	C:\WINDOWS\System32\IMM32.DLL
0x0000000065790000 - 0x0000000065862000 	C:\Program Files\Java\jre1.8.0_211\bin\msvcr100.dll
0x0000000065cb0000 - 0x0000000066555000 	C:\Program Files\Java\jre1.8.0_211\bin\server\jvm.dll
0x00007ffdabe10000 - 0x00007ffdabe18000 	C:\WINDOWS\System32\PSAPI.DLL
0x00007ffda4860000 - 0x00007ffda4869000 	C:\WINDOWS\SYSTEM32\WSOCK32.dll
0x00007ffd9a0e0000 - 0x00007ffd9a0ea000 	C:\WINDOWS\SYSTEM32\VERSION.dll
0x00007ffda69f0000 - 0x00007ffda6a13000 	C:\WINDOWS\SYSTEM32\WINMM.dll
0x00007ffdab850000 - 0x00007ffdab8bc000 	C:\WINDOWS\System32\WS2_32.dll
0x00007ffda69c0000 - 0x00007ffda69ea000 	C:\WINDOWS\SYSTEM32\winmmbase.dll
0x00007ffda8f90000 - 0x00007ffda8fd9000 	C:\WINDOWS\System32\cfgmgr32.dll
0x00007ffd81a20000 - 0x00007ffd81a2f000 	C:\Program Files\Java\jre1.8.0_211\bin\verify.dll
0x00007ffd77820000 - 0x00007ffd77849000 	C:\Program Files\Java\jre1.8.0_211\bin\java.dll
0x00007ffd809e0000 - 0x00007ffd809f6000 	C:\Program Files\Java\jre1.8.0_211\bin\zip.dll

VM Arguments:
jvm_args: -Dfile.encoding=Cp1252 
java_command: com.virtusa.main.MobileMain
java_class_path (initial): C:\Program Files\Java\jre1.8.0_211\lib\resources.jar;C:\Program Files\Java\jre1.8.0_211\lib\rt.jar;C:\Program Files\Java\jre1.8.0_211\lib\jsse.jar;C:\Program Files\Java\jre1.8.0_211\lib\jce.jar;C:\Program Files\Java\jre1.8.0_211\lib\charsets.jar;C:\Program Files\Java\jre1.8.0_211\lib\jfr.jar;C:\Program Files\Java\jre1.8.0_211\lib\ext\access-bridge-64.jar;C:\Program Files\Java\jre1.8.0_211\lib\ext\cldrdata.jar;C:\Program Files\Java\jre1.8.0_211\lib\ext\dnsns.jar;C:\Program Files\Java\jre1.8.0_211\lib\ext\jaccess.jar;C:\Program Files\Java\jre1.8.0_211\lib\ext\jfxrt.jar;C:\Program Files\Java\jre1.8.0_211\lib\ext\localedata.jar;C:\Program Files\Java\jre1.8.0_211\lib\ext\nashorn.jar;C:\Program Files\Java\jre1.8.0_211\lib\ext\sunec.jar;C:\Program Files\Java\jre1.8.0_211\lib\ext\sunjce_provider.jar;C:\Program Files\Java\jre1.8.0_211\lib\ext\sunmscapi.jar;C:\Program Files\Java\jre1.8.0_211\lib\ext\sunpkcs11.jar;C:\Program Files\Java\jre1.8.0_211\lib\ext\zipfs.jar;C:\Users\Damodar Reddy\eclipse-workspace\hibernatepractice2\target\classes;C:\Users\Damodar Reddy\.m2\repository\mysql\mysql-connector-java\5.1.38\mysql-connector-java-5.1.38.jar;C:\Users\Damodar Reddy\.m2\repository\org\hibernate\hibernate-entitymanager\5.1.2.Final\hibernate-entitymanager-5.1.2.Final.jar;C:\Users\Damodar Reddy\.m2\repository\org\jboss\logging\jboss-logging\3.3.0.Final\jboss-logging-3.3.0.Final.jar;C:\Users\Damodar Reddy\.m2\repository\org\hibernate\hibernate-core\5.1.2.Final\hibernate-core-5.1.2.Final.jar;C:\Users\Damodar Reddy\.m2\repository\antlr\antlr\2.7.7\antlr-2.7.7.jar;C:\Users\Damodar Reddy\.m2\repository\org\jboss\jandex\2.0.0.Final\jandex-2.0.0.Final.jar;C:\Users\Damodar Reddy\.m2\repository\com\fasterxml\classmate\1.3.0\classmate-1.3.0.jar;C:\Users\Damodar Reddy\.m2\repository\dom4j\dom4j\1.6.1\dom4j-1.6.1.jar;C:\Users\Damodar Reddy\.m2\repository\xml-apis\xml-apis\1.0.b2\xml-apis-1.0.b2.jar;C:\Users\Damodar Reddy\.m2\repository\org\hibernate\common\hibernat
Launcher Type: SUN_STANDARD

Environment Variables:
JAVA_HOME=C:\Program Files\Java\jdk1.8.0_211
PATH=C:/Program Files/Java/jre1.8.0_211/bin/server;C:/Program Files/Java/jre1.8.0_211/bin;C:/Program Files/Java/jre1.8.0_211/lib/amd64;C:\Program Files (x86)\Common Files\Oracle\Java\javapath;C:\WINDOWS\system32;C:\WINDOWS;C:\WINDOWS\System32\Wbem;C:\WINDOWS\System32\WindowsPowerShell\v1.0\;C:\WINDOWS\System32\OpenSSH\;C:\Program Files\Java\jdk1.8.0_211\bin;C:\Program Files\Java\jre1.8.0_211\bin;C:\anakonda;C:\anakonda\condabin;C:\Users\Damodar Reddy\.spyder-py3;C:\Program Files\MySQL\MySQL Shell 8.0\bin\;C:\Users\Damodar Reddy\AppData\Local\Programs\Microsoft VS Code\bin;C:\Users\Damodar Reddy\Downloads\log4j-1.2.17.zip\apache-log4j-1.2.17;;C:\Users\Damodar Reddy\Desktop\softwares\eclipse-jee-photon-R-win32-x86_64\eclipse;
USERNAME=Damodar Reddy
OS=Windows_NT
PROCESSOR_IDENTIFIER=Intel64 Family 6 Model 61 Stepping 4, GenuineIntel



---------------  S Y S T E M  ---------------

OS: Windows 10.0 , 64 bit Build 17134 (10.0.17134.753)

CPU:total 4 (initial active 4) (2 cores per cpu, 2 threads per core) family 6 model 61 stepping 4, cmov, cx8, fxsr, mmx, sse, sse2, sse3, ssse3, sse4.1, sse4.2, popcnt, avx, avx2, aes, clmul, erms, 3dnowpref, lzcnt, ht, tsc, tscinvbit, bmi1, bmi2, adx

Memory: 4k page, physical 4107352k(575828k free), swap 16690264k(5848k free)

vm_info: Java HotSpot(TM) 64-Bit Server VM (25.211-b12) for windows-amd64 JRE (1.8.0_211-b12), built on Apr  1 2019 20:53:26 by "java_re" with MS VC++ 10.0 (VS2010)

time: Wed Apr 08 22:15:39 2020
timezone: India Standard Time
elapsed time: 0 seconds (0d 0h 0m 0s)

