#
# There is insufficient memory for the Java Runtime Environment to continue.
# Native memory allocation (malloc) failed to allocate 418448 bytes for Chunk::new
# Possible reasons:
#   The system is out of physical RAM or swap space
#   The process is running with CompressedOops enabled, and the Java Heap may be blocking the growth of the native heap
# Possible solutions:
#   Reduce memory load on the system
#   Increase physical memory or swap space
#   Check if swap backing store is full
#   Decrease Java heap size (-Xmx/-Xms)
#   Decrease number of Java threads
#   Decrease Java thread stack sizes (-Xss)
#   Set larger code cache with -XX:ReservedCodeCacheSize=
#   JVM is running with Unscaled Compressed Oops mode in which the Java heap is
#     placed in the first 4GB address space. The Java Heap base address is the
#     maximum limit for the native heap growth. Please use -XX:HeapBaseMinAddress
#     to set the Java Heap base and to place the Java Heap above 4GB virtual address.
# This output file may be truncated or incomplete.
#
#  Out of Memory Error (allocation.cpp:389), pid=9412, tid=0x0000000000002f54
#
# JRE version: Java(TM) SE Runtime Environment (8.0_241-b07) (build 1.8.0_241-b07)
# Java VM: Java HotSpot(TM) 64-Bit Server VM (25.241-b07 mixed mode windows-amd64 compressed oops)
# Failed to write core dump. Minidumps are not enabled by default on client versions of Windows
#

---------------  T H R E A D  ---------------

Current thread (0x000000001538e000):  JavaThread "C2 CompilerThread0" daemon [_thread_in_native, id=12116, stack(0x00000000169e0000,0x0000000016ae0000)]

Stack: [0x00000000169e0000,0x0000000016ae0000]
[error occurred during error reporting (printing stack bounds), id 0xc0000005]

Native frames: (J=compiled Java code, j=interpreted, Vv=VM code, C=native code)


Current CompileTask:
C2:   2773 1083       4       java.io.WinNTFileSystem::normalize (143 bytes)


---------------  P R O C E S S  ---------------

Java Threads: ( => current thread )
  0x0000000017dfb000 JavaThread "pool-1-thread-1" [_thread_blocked, id=8920, stack(0x00000000194f0000,0x00000000195f0000)]
  0x0000000017831000 JavaThread "Abandoned connection cleanup thread" daemon [_thread_blocked, id=1504, stack(0x0000000018cb0000,0x0000000018db0000)]
  0x0000000016d09800 JavaThread "Service Thread" daemon [_thread_blocked, id=7692, stack(0x00000000170e0000,0x00000000171e0000)]
  0x000000001539c000 JavaThread "C1 CompilerThread2" daemon [_thread_in_vm, id=11040, stack(0x0000000016be0000,0x0000000016ce0000)]
  0x0000000015391000 JavaThread "C2 CompilerThread1" daemon [_thread_in_native, id=8780, stack(0x0000000016ae0000,0x0000000016be0000)]
=>0x000000001538e000 JavaThread "C2 CompilerThread0" daemon [_thread_in_native, id=12116, stack(0x00000000169e0000,0x0000000016ae0000)]
  0x000000001538a800 JavaThread "Attach Listener" daemon [_thread_blocked, id=13704, stack(0x00000000168e0000,0x00000000169e0000)]
  0x0000000015396000 JavaThread "Signal Dispatcher" daemon [_thread_blocked, id=13872, stack(0x00000000167e0000,0x00000000168e0000)]
  0x000000001537a800 JavaThread "Finalizer" daemon [_thread_blocked, id=4652, stack(0x00000000165f0000,0x00000000166f0000)]
  0x0000000002d71000 JavaThread "Reference Handler" daemon [_thread_blocked, id=10204, stack(0x00000000164f0000,0x00000000165f0000)]
  0x0000000002c82800 JavaThread "main" [_thread_in_Java, id=10984, stack(0x0000000002b80000,0x0000000002c80000)]

Other Threads:
  0x0000000015358000 VMThread [stack: 0x00000000163f0000,0x00000000164f0000] [id=11748]
  0x0000000016d2e000 WatcherThread [stack: 0x00000000171e0000,0x00000000172e0000] [id=12824]

VM state:not at safepoint (normal execution)

VM Mutex/Monitor currently owned by a thread: None

heap address: 0x00000000c1400000, size: 1004 MB, Compressed Oops mode: 32-bit
Narrow klass base: 0x0000000000000000, Narrow klass shift: 3
Compressed class space size: 1073741824 Address: 0x0000000100000000

Heap:
 PSYoungGen      total 18944K, used 13422K [0x00000000eb180000, 0x00000000ec680000, 0x0000000100000000)
  eden space 16384K, 66% used [0x00000000eb180000,0x00000000ebc22478,0x00000000ec180000)
  from space 2560K, 98% used [0x00000000ec400000,0x00000000ec6796a0,0x00000000ec680000)
  to   space 2560K, 0% used [0x00000000ec180000,0x00000000ec180000,0x00000000ec400000)
 ParOldGen       total 44032K, used 6289K [0x00000000c1400000, 0x00000000c3f00000, 0x00000000eb180000)
  object space 44032K, 14% used [0x00000000c1400000,0x00000000c1a247d0,0x00000000c3f00000)
 Metaspace       used 19232K, capacity 19414K, committed 19584K, reserved 1067008K
  class space    used 2576K, capacity 2646K, committed 2688K, reserved 1048576K

Card table byte_map: [0x0000000012140000,0x0000000012340000] byte_map_base: 0x0000000011b36000

Marking Bits: (ParMarkBitMap*) 0x000000005dcfbe30
 Begin Bits: [0x0000000012890000, 0x0000000013840000)
 End Bits:   [0x0000000013840000, 0x00000000147f0000)

Polling page: 0x0000000000d50000

CodeCache: size=245760Kb used=4115Kb max_used=4115Kb free=241644Kb
 bounds [0x0000000002d80000, 0x0000000003190000, 0x0000000011d80000]
 total_blobs=1666 nmethods=1212 adapters=367
 compilation: enabled

Compilation events (10 events):
Event: 2.744 Thread 0x000000001539c000 nmethod 1180 0x00000000031775d0 code [0x0000000003177740, 0x00000000031779f0]
Event: 2.744 Thread 0x000000001539c000 1193       3       jdk.internal.org.objectweb.asm.MethodWriter::visitVarInsn (292 bytes)
Event: 2.745 Thread 0x000000001539c000 nmethod 1193 0x0000000003179d90 code [0x0000000003179fc0, 0x000000000317aa28]
Event: 2.745 Thread 0x000000001539c000 1194       3       java.lang.invoke.InvokerBytecodeGenerator::emitImplicitConversion (159 bytes)
Event: 2.746 Thread 0x0000000015391000 nmethod 1195 0x0000000003179a10 code [0x0000000003179b40, 0x0000000003179c98]
Event: 2.746 Thread 0x000000001539c000 nmethod 1194 0x000000000317f690 code [0x000000000317f940, 0x0000000003180bf8]
Event: 2.746 Thread 0x000000001539c000 1183       1       java.lang.invoke.MethodTypeForm::erasedType (5 bytes)
Event: 2.746 Thread 0x000000001539c000 nmethod 1183 0x0000000003176d10 code [0x0000000003176e60, 0x0000000003176f70]
Event: 2.746 Thread 0x000000001539c000 1196       1       java.lang.invoke.LambdaForm::arity (5 bytes)
Event: 2.746 Thread 0x000000001539c000 nmethod 1196 0x0000000003179750 code [0x00000000031798a0, 0x00000000031799b0]

GC Heap History (8 events):
Event: 0.235 GC heap before
{Heap before GC invocations=1 (full 0):
 PSYoungGen      total 18944K, used 16340K [0x00000000eb180000, 0x00000000ec680000, 0x0000000100000000)
  eden space 16384K, 99% used [0x00000000eb180000,0x00000000ec175080,0x00000000ec180000)
  from space 2560K, 0% used [0x00000000ec400000,0x00000000ec400000,0x00000000ec680000)
  to   space 2560K, 0% used [0x00000000ec180000,0x00000000ec180000,0x00000000ec400000)
 ParOldGen       total 44032K, used 0K [0x00000000c1400000, 0x00000000c3f00000, 0x00000000eb180000)
  object space 44032K, 0% used [0x00000000c1400000,0x00000000c1400000,0x00000000c3f00000)
 Metaspace       used 2683K, capacity 4486K, committed 4864K, reserved 1056768K
  class space    used 297K, capacity 386K, committed 512K, reserved 1048576K
Event: 0.237 GC heap after
Heap after GC invocations=1 (full 0):
 PSYoungGen      total 18944K, used 668K [0x00000000eb180000, 0x00000000ec680000, 0x0000000100000000)
  eden space 16384K, 0% used [0x00000000eb180000,0x00000000eb180000,0x00000000ec180000)
  from space 2560K, 26% used [0x00000000ec180000,0x00000000ec227008,0x00000000ec400000)
  to   space 2560K, 0% used [0x00000000ec400000,0x00000000ec400000,0x00000000ec680000)
 ParOldGen       total 44032K, used 8K [0x00000000c1400000, 0x00000000c3f00000, 0x00000000eb180000)
  object space 44032K, 0% used [0x00000000c1400000,0x00000000c1402000,0x00000000c3f00000)
 Metaspace       used 2683K, capacity 4486K, committed 4864K, reserved 1056768K
  class space    used 297K, capacity 386K, committed 512K, reserved 1048576K
}
Event: 0.835 GC heap before
{Heap before GC invocations=2 (full 0):
 PSYoungGen      total 18944K, used 17052K [0x00000000eb180000, 0x00000000ec680000, 0x0000000100000000)
  eden space 16384K, 100% used [0x00000000eb180000,0x00000000ec180000,0x00000000ec180000)
  from space 2560K, 26% used [0x00000000ec180000,0x00000000ec227008,0x00000000ec400000)
  to   space 2560K, 0% used [0x00000000ec400000,0x00000000ec400000,0x00000000ec680000)
 ParOldGen       total 44032K, used 8K [0x00000000c1400000, 0x00000000c3f00000, 0x00000000eb180000)
  object space 44032K, 0% used [0x00000000c1400000,0x00000000c1402000,0x00000000c3f00000)
 Metaspace       used 7948K, capacity 8026K, committed 8320K, reserved 1056768K
  class space    used 1033K, capacity 1074K, committed 1152K, reserved 1048576K
Event: 0.842 GC heap after
Heap after GC invocations=2 (full 0):
 PSYoungGen      total 18944K, used 2558K [0x00000000eb180000, 0x00000000ec680000, 0x0000000100000000)
  eden space 16384K, 0% used [0x00000000eb180000,0x00000000eb180000,0x00000000ec180000)
  from space 2560K, 99% used [0x00000000ec400000,0x00000000ec67f8e0,0x00000000ec680000)
  to   space 2560K, 0% used [0x00000000ec180000,0x00000000ec180000,0x00000000ec400000)
 ParOldGen       total 44032K, used 556K [0x00000000c1400000, 0x00000000c3f00000, 0x00000000eb180000)
  object space 44032K, 1% used [0x00000000c1400000,0x00000000c148b088,0x00000000c3f00000)
 Metaspace       used 7948K, capacity 8026K, committed 8320K, reserved 1056768K
  class space    used 1033K, capacity 1074K, committed 1152K, reserved 1048576K
}
Event: 1.756 GC heap before
{Heap before GC invocations=3 (full 0):
 PSYoungGen      total 18944K, used 18942K [0x00000000eb180000, 0x00000000ec680000, 0x0000000100000000)
  eden space 16384K, 100% used [0x00000000eb180000,0x00000000ec180000,0x00000000ec180000)
  from space 2560K, 99% used [0x00000000ec400000,0x00000000ec67f8e0,0x00000000ec680000)
  to   space 2560K, 0% used [0x00000000ec180000,0x00000000ec180000,0x00000000ec400000)
 ParOldGen       total 44032K, used 556K [0x00000000c1400000, 0x00000000c3f00000, 0x00000000eb180000)
  object space 44032K, 1% used [0x00000000c1400000,0x00000000c148b088,0x00000000c3f00000)
 Metaspace       used 13992K, capacity 14162K, committed 14208K, reserved 1060864K
  class space    used 1828K, capacity 1878K, committed 1920K, reserved 1048576K
Event: 1.776 GC heap after
Heap after GC invocations=3 (full 0):
 PSYoungGen      total 18944K, used 2549K [0x00000000eb180000, 0x00000000ec680000, 0x0000000100000000)
  eden space 16384K, 0% used [0x00000000eb180000,0x00000000eb180000,0x00000000ec180000)
  from space 2560K, 99% used [0x00000000ec180000,0x00000000ec3fd680,0x00000000ec400000)
  to   space 2560K, 0% used [0x00000000ec400000,0x00000000ec400000,0x00000000ec680000)
 ParOldGen       total 44032K, used 3638K [0x00000000c1400000, 0x00000000c3f00000, 0x00000000eb180000)
  object space 44032K, 8% used [0x00000000c1400000,0x00000000c178db28,0x00000000c3f00000)
 Metaspace       used 13992K, capacity 14162K, committed 14208K, reserved 1060864K
  class space    used 1828K, capacity 1878K, committed 1920K, reserved 1048576K
}
Event: 2.515 GC heap before
{Heap before GC invocations=4 (full 0):
 PSYoungGen      total 18944K, used 18933K [0x00000000eb180000, 0x00000000ec680000, 0x0000000100000000)
  eden space 16384K, 100% used [0x00000000eb180000,0x00000000ec180000,0x00000000ec180000)
  from space 2560K, 99% used [0x00000000ec180000,0x00000000ec3fd680,0x00000000ec400000)
  to   space 2560K, 0% used [0x00000000ec400000,0x00000000ec400000,0x00000000ec680000)
 ParOldGen       total 44032K, used 3638K [0x00000000c1400000, 0x00000000c3f00000, 0x00000000eb180000)
  object space 44032K, 8% used [0x00000000c1400000,0x00000000c178db28,0x00000000c3f00000)
 Metaspace       used 17016K, capacity 17112K, committed 17280K, reserved 1064960K
  class space    used 2293K, capacity 2327K, committed 2432K, reserved 1048576K
Event: 2.522 GC heap after
Heap after GC invocations=4 (full 0):
 PSYoungGen      total 18944K, used 2533K [0x00000000eb180000, 0x00000000ec680000, 0x0000000100000000)
  eden space 16384K, 0% used [0x00000000eb180000,0x00000000eb180000,0x00000000ec180000)
  from space 2560K, 98% used [0x00000000ec400000,0x00000000ec6796a0,0x00000000ec680000)
  to   space 2560K, 0% used [0x00000000ec180000,0x00000000ec180000,0x00000000ec400000)
 ParOldGen       total 44032K, used 6289K [0x00000000c1400000, 0x00000000c3f00000, 0x00000000eb180000)
  object space 44032K, 14% used [0x00000000c1400000,0x00000000c1a247d0,0x00000000c3f00000)
 Metaspace       used 17016K, capacity 17112K, committed 17280K, reserved 1064960K
  class space    used 2293K, capacity 2327K, committed 2432K, reserved 1048576K
}

Deoptimization events (10 events):
Event: 0.856 Thread 0x0000000002c82800 Uncommon trap: reason=unstable_if action=reinterpret pc=0x0000000002f9d8b4 method=sun.misc.MetaIndex.mayContain(Ljava/lang/String;)Z @ 38
Event: 0.857 Thread 0x0000000002c82800 Uncommon trap: reason=unstable_if action=reinterpret pc=0x0000000002f21c74 method=sun.misc.MetaIndex.mayContain(Ljava/lang/String;)Z @ 38
Event: 0.927 Thread 0x0000000002c82800 Uncommon trap: reason=unstable_if action=reinterpret pc=0x0000000002f95e88 method=java.lang.AbstractStringBuilder.append(Ljava/lang/String;)Ljava/lang/AbstractStringBuilder; @ 1
Event: 1.270 Thread 0x0000000002c82800 Uncommon trap: reason=unstable_if action=reinterpret pc=0x0000000002f548c4 method=java.lang.AbstractStringBuilder.append(Ljava/lang/String;)Ljava/lang/AbstractStringBuilder; @ 1
Event: 1.534 Thread 0x0000000002c82800 Uncommon trap: reason=unstable_if action=reinterpret pc=0x000000000309e988 method=java.util.Properties$LineReader.readLine()I @ 252
Event: 1.535 Thread 0x0000000002c82800 Uncommon trap: reason=unstable_if action=reinterpret pc=0x000000000309fae8 method=java.util.Properties.loadConvert([CII[C)Ljava/lang/String; @ 4
Event: 1.566 Thread 0x0000000002c82800 Uncommon trap: reason=unstable_if action=reinterpret pc=0x00000000030c0bd8 method=java.util.Properties$LineReader.readLine()I @ 377
Event: 1.567 Thread 0x0000000002c82800 Uncommon trap: reason=predicate action=maybe_recompile pc=0x00000000030620ac method=sun.net.www.ParseUtil.encodePath(Ljava/lang/String;Z)Ljava/lang/String; @ 36
Event: 1.915 Thread 0x0000000002c82800 Uncommon trap: reason=bimorphic action=maybe_recompile pc=0x000000000309c230 method=java.util.HashMap.putVal(ILjava/lang/Object;Ljava/lang/Object;ZZ)Ljava/lang/Object; @ 203
Event: 2.286 Thread 0x0000000002c82800 Uncommon trap: reason=unstable_if action=reinterpret pc=0x000000000308127c method=java.io.WinNTFileSystem.normalize(Ljava/lang/String;)Ljava/lang/String; @ 128

Classes redefined (0 events):
No events

Internal exceptions (10 events):
Event: 0.773 Thread 0x0000000002c82800 Exception <a 'java/lang/ArrayIndexOutOfBoundsException'> (0x00000000ec0179f0) thrown at [C:\ade\jenkins\workspace\8-2-build-windows-amd64-cygwin\jdk8u241\331\hotspot\src\share\vm\runtime\sharedRuntime.cpp, line 605]
Event: 0.786 Thread 0x0000000002c82800 Exception <a 'java/lang/ArrayIndexOutOfBoundsException': 79> (0x00000000ec06f040) thrown at [C:\ade\jenkins\workspace\8-2-build-windows-amd64-cygwin\jdk8u241\331\hotspot\src\share\vm\interpreter\interpreterRuntime.cpp, line 368]
Event: 0.787 Thread 0x0000000002c82800 Exception <a 'java/lang/ArrayIndexOutOfBoundsException': 81> (0x00000000ec070240) thrown at [C:\ade\jenkins\workspace\8-2-build-windows-amd64-cygwin\jdk8u241\331\hotspot\src\share\vm\interpreter\interpreterRuntime.cpp, line 368]
Event: 0.787 Thread 0x0000000002c82800 Exception <a 'java/lang/ArrayIndexOutOfBoundsException': 83> (0x00000000ec071210) thrown at [C:\ade\jenkins\workspace\8-2-build-windows-amd64-cygwin\jdk8u241\331\hotspot\src\share\vm\interpreter\interpreterRuntime.cpp, line 368]
Event: 0.787 Thread 0x0000000002c82800 Exception <a 'java/lang/ArrayIndexOutOfBoundsException': 78> (0x00000000ec0721b8) thrown at [C:\ade\jenkins\workspace\8-2-build-windows-amd64-cygwin\jdk8u241\331\hotspot\src\share\vm\interpreter\interpreterRuntime.cpp, line 368]
Event: 0.787 Thread 0x0000000002c82800 Exception <a 'java/lang/ArrayIndexOutOfBoundsException': 38> (0x00000000ec072d40) thrown at [C:\ade\jenkins\workspace\8-2-build-windows-amd64-cygwin\jdk8u241\331\hotspot\src\share\vm\interpreter\interpreterRuntime.cpp, line 368]
Event: 0.927 Thread 0x0000000002c82800 Implicit null exception at 0x0000000002f95ad6 to 0x0000000002f95e71
Event: 1.270 Thread 0x0000000002c82800 Implicit null exception at 0x0000000002f54516 to 0x0000000002f548ad
Event: 2.730 Thread 0x0000000002c82800 Exception <a 'java/lang/NoSuchFieldError': method resolution failed> (0x00000000eba42ab0) thrown at [C:\ade\jenkins\workspace\8-2-build-windows-amd64-cygwin\jdk8u241\331\hotspot\src\share\vm\prims\methodHandles.cpp, line 1167]
Event: 2.733 Thread 0x0000000002c82800 Exception <a 'java/lang/NoSuchFieldError': method resolution failed> (0x00000000eba501a0) thrown at [C:\ade\jenkins\workspace\8-2-build-windows-amd64-cygwin\jdk8u241\331\hotspot\src\share\vm\prims\methodHandles.cpp, line 1167]

Events (10 events):
Event: 2.756 loading class javassist/bytecode/EnclosingMethodAttribute
Event: 2.756 loading class javassist/bytecode/EnclosingMethodAttribute done
Event: 2.757 loading class javassist/bytecode/ExceptionsAttribute
Event: 2.757 loading class javassist/bytecode/ExceptionsAttribute done
Event: 2.757 loading class javassist/bytecode/InnerClassesAttribute
Event: 2.757 loading class javassist/bytecode/InnerClassesAttribute done
Event: 2.757 loading class javassist/bytecode/LineNumberAttribute
Event: 2.757 loading class javassist/bytecode/LineNumberAttribute done
Event: 2.758 loading class javassist/bytecode/LocalVariableAttribute
Event: 2.758 loading class javassist/bytecode/LocalVariableAttribute done


Dynamic libraries:
0x00007ff740180000 - 0x00007ff7401b7000 	C:\Program Files\Java\jre1.8.0_241\bin\javaw.exe
0x00007ffbda5c0000 - 0x00007ffbda7a1000 	C:\WINDOWS\SYSTEM32\ntdll.dll
0x00007ffbda230000 - 0x00007ffbda2e1000 	C:\WINDOWS\System32\KERNEL32.DLL
0x00007ffbd6a30000 - 0x00007ffbd6ca3000 	C:\WINDOWS\System32\KERNELBASE.dll
0x00007ffbda0b0000 - 0x00007ffbda151000 	C:\WINDOWS\System32\ADVAPI32.dll
0x00007ffbd7a40000 - 0x00007ffbd7ade000 	C:\WINDOWS\System32\msvcrt.dll
0x00007ffbd94c0000 - 0x00007ffbd951b000 	C:\WINDOWS\System32\sechost.dll
0x00007ffbd9680000 - 0x00007ffbd97a4000 	C:\WINDOWS\System32\RPCRT4.dll
0x00007ffbda2f0000 - 0x00007ffbda480000 	C:\WINDOWS\System32\USER32.dll
0x00007ffbd77d0000 - 0x00007ffbd77f0000 	C:\WINDOWS\System32\win32u.dll
0x00007ffbd9540000 - 0x00007ffbd9568000 	C:\WINDOWS\System32\GDI32.dll
0x00007ffbd7630000 - 0x00007ffbd77c1000 	C:\WINDOWS\System32\gdi32full.dll
0x00007ffbd7850000 - 0x00007ffbd78ef000 	C:\WINDOWS\System32\msvcp_win.dll
0x00007ffbd7940000 - 0x00007ffbd7a38000 	C:\WINDOWS\System32\ucrtbase.dll
0x00007ffbc7180000 - 0x00007ffbc73e9000 	C:\WINDOWS\WinSxS\amd64_microsoft.windows.common-controls_6595b64144ccf1df_6.0.17134.1365_none_d401d10f7c8e8b9b\COMCTL32.dll
0x00007ffbd9cd0000 - 0x00007ffbd9ff1000 	C:\WINDOWS\System32\combase.dll
0x00007ffbd75b0000 - 0x00007ffbd7629000 	C:\WINDOWS\System32\bcryptPrimitives.dll
0x00007ffbd9ca0000 - 0x00007ffbd9ccd000 	C:\WINDOWS\System32\IMM32.DLL
0x000000005d3f0000 - 0x000000005d4c2000 	C:\Program Files\Java\jre1.8.0_241\bin\msvcr100.dll
0x000000005d4d0000 - 0x000000005dd7c000 	C:\Program Files\Java\jre1.8.0_241\bin\server\jvm.dll
0x00007ffbd9950000 - 0x00007ffbd9958000 	C:\WINDOWS\System32\PSAPI.DLL
0x00007ffbd45d0000 - 0x00007ffbd45f3000 	C:\WINDOWS\SYSTEM32\WINMM.dll
0x00007ffbcd020000 - 0x00007ffbcd02a000 	C:\WINDOWS\SYSTEM32\VERSION.dll
0x00007ffbd31f0000 - 0x00007ffbd31f9000 	C:\WINDOWS\SYSTEM32\WSOCK32.dll
0x00007ffbda520000 - 0x00007ffbda58c000 	C:\WINDOWS\System32\WS2_32.dll
0x00007ffbd45a0000 - 0x00007ffbd45ca000 	C:\WINDOWS\SYSTEM32\WINMMBASE.dll
0x00007ffbd78f0000 - 0x00007ffbd7939000 	C:\WINDOWS\System32\cfgmgr32.dll
0x00007ffbd1710000 - 0x00007ffbd171f000 	C:\Program Files\Java\jre1.8.0_241\bin\verify.dll
0x00007ffbcf9c0000 - 0x00007ffbcf9e9000 	C:\Program Files\Java\jre1.8.0_241\bin\java.dll
0x00007ffbcfca0000 - 0x00007ffbcfcb6000 	C:\Program Files\Java\jre1.8.0_241\bin\zip.dll
0x00007ffbd7f90000 - 0x00007ffbd93d5000 	C:\WINDOWS\System32\SHELL32.dll
0x00007ffbda000000 - 0x00007ffbda0a9000 	C:\WINDOWS\System32\shcore.dll
0x00007ffbd6ea0000 - 0x00007ffbd75b0000 	C:\WINDOWS\System32\windows.storage.dll
0x00007ffbd7f30000 - 0x00007ffbd7f81000 	C:\WINDOWS\System32\shlwapi.dll
0x00007ffbd6960000 - 0x00007ffbd6971000 	C:\WINDOWS\System32\kernel.appcore.dll
0x00007ffbd6920000 - 0x00007ffbd693f000 	C:\WINDOWS\System32\profapi.dll
0x00007ffbd68d0000 - 0x00007ffbd691c000 	C:\WINDOWS\System32\powrprof.dll
0x00007ffbd68c0000 - 0x00007ffbd68ca000 	C:\WINDOWS\System32\FLTLIB.DLL
0x00007ffbcfbe0000 - 0x00007ffbcfbfa000 	C:\Program Files\Java\jre1.8.0_241\bin\net.dll
0x00007ffbd6140000 - 0x00007ffbd61a6000 	C:\WINDOWS\system32\mswsock.dll
0x00007ffbd5ed0000 - 0x00007ffbd5f8e000 	C:\WINDOWS\SYSTEM32\DNSAPI.dll
0x00007ffbd9580000 - 0x00007ffbd9588000 	C:\WINDOWS\System32\NSI.dll
0x00007ffbd5e90000 - 0x00007ffbd5ec8000 	C:\WINDOWS\SYSTEM32\IPHLPAPI.DLL
0x00007ffbccb30000 - 0x00007ffbccb3a000 	C:\Windows\System32\rasadhlp.dll
0x00007ffbcdb50000 - 0x00007ffbcdbc2000 	C:\WINDOWS\System32\fwpuclnt.dll
0x00007ffbd6420000 - 0x00007ffbd6445000 	C:\WINDOWS\SYSTEM32\bcrypt.dll
0x00007ffbd62f0000 - 0x00007ffbd6307000 	C:\WINDOWS\SYSTEM32\CRYPTSP.dll
0x00007ffbd5cf0000 - 0x00007ffbd5d23000 	C:\WINDOWS\system32\rsaenh.dll
0x00007ffbd67f0000 - 0x00007ffbd6818000 	C:\WINDOWS\SYSTEM32\USERENV.dll
0x00007ffbd6310000 - 0x00007ffbd631b000 	C:\WINDOWS\SYSTEM32\CRYPTBASE.dll
0x00007ffbce6f0000 - 0x00007ffbce706000 	C:\WINDOWS\SYSTEM32\dhcpcsvc6.DLL
0x00007ffbce9a0000 - 0x00007ffbce9ba000 	C:\WINDOWS\SYSTEM32\dhcpcsvc.DLL
0x00007ffbca250000 - 0x00007ffbca262000 	C:\Program Files\Java\jre1.8.0_241\bin\nio.dll

VM Arguments:
jvm_args: -Dfile.encoding=Cp1252 
java_command: com.virtusa.main.Test1
java_class_path (initial): C:\Program Files\Java\jre1.8.0_241\lib\resources.jar;C:\Program Files\Java\jre1.8.0_241\lib\rt.jar;C:\Program Files\Java\jre1.8.0_241\lib\jsse.jar;C:\Program Files\Java\jre1.8.0_241\lib\jce.jar;C:\Program Files\Java\jre1.8.0_241\lib\charsets.jar;C:\Program Files\Java\jre1.8.0_241\lib\jfr.jar;C:\Program Files\Java\jre1.8.0_241\lib\ext\access-bridge-64.jar;C:\Program Files\Java\jre1.8.0_241\lib\ext\cldrdata.jar;C:\Program Files\Java\jre1.8.0_241\lib\ext\dnsns.jar;C:\Program Files\Java\jre1.8.0_241\lib\ext\jaccess.jar;C:\Program Files\Java\jre1.8.0_241\lib\ext\jfxrt.jar;C:\Program Files\Java\jre1.8.0_241\lib\ext\localedata.jar;C:\Program Files\Java\jre1.8.0_241\lib\ext\nashorn.jar;C:\Program Files\Java\jre1.8.0_241\lib\ext\sunec.jar;C:\Program Files\Java\jre1.8.0_241\lib\ext\sunjce_provider.jar;C:\Program Files\Java\jre1.8.0_241\lib\ext\sunmscapi.jar;C:\Program Files\Java\jre1.8.0_241\lib\ext\sunpkcs11.jar;C:\Program Files\Java\jre1.8.0_241\lib\ext\zipfs.jar;C:\Users\Damodar Reddy\eclipse-workspace\hibernatepractice2\target\classes;C:\Users\Damodar Reddy\.m2\repository\mysql\mysql-connector-java\5.1.38\mysql-connector-java-5.1.38.jar;C:\Users\Damodar Reddy\.m2\repository\org\hibernate\hibernate-entitymanager\5.1.2.Final\hibernate-entitymanager-5.1.2.Final.jar;C:\Users\Damodar Reddy\.m2\repository\org\jboss\logging\jboss-logging\3.3.0.Final\jboss-logging-3.3.0.Final.jar;C:\Users\Damodar Reddy\.m2\repository\org\hibernate\hibernate-core\5.1.2.Final\hibernate-core-5.1.2.Final.jar;C:\Users\Damodar Reddy\.m2\repository\antlr\antlr\2.7.7\antlr-2.7.7.jar;C:\Users\Damodar Reddy\.m2\repository\org\jboss\jandex\2.0.0.Final\jandex-2.0.0.Final.jar;C:\Users\Damodar Reddy\.m2\repository\com\fasterxml\classmate\1.3.0\classmate-1.3.0.jar;C:\Users\Damodar Reddy\.m2\repository\dom4j\dom4j\1.6.1\dom4j-1.6.1.jar;C:\Users\Damodar Reddy\.m2\repository\xml-apis\xml-apis\1.0.b2\xml-apis-1.0.b2.jar;C:\Users\Damodar Reddy\.m2\repository\org\hibernate\common\hibernat
Launcher Type: SUN_STANDARD

Environment Variables:
JAVA_HOME=C:\Program Files\Java\jdk1.8.0_211
PATH=C:/Program Files/Java/jre1.8.0_241/bin/server;C:/Program Files/Java/jre1.8.0_241/bin;C:/Program Files/Java/jre1.8.0_241/lib/amd64;C:\Program Files (x86)\Common Files\Oracle\Java\javapath;C:\WINDOWS\system32;C:\WINDOWS;C:\WINDOWS\System32\Wbem;C:\WINDOWS\System32\WindowsPowerShell\v1.0\;C:\WINDOWS\System32\OpenSSH\;C:\Program Files\Java\jdk1.8.0_211\bin;C:\Program Files\Java\jre1.8.0_211\bin;C:\anakonda;C:\anakonda\condabin;C:\Users\Damodar Reddy\.spyder-py3;C:\Program Files\MySQL\MySQL Shell 8.0\bin\;C:\Users\Damodar Reddy\AppData\Local\Programs\Microsoft VS Code\bin;C:\Users\Damodar Reddy\Downloads\log4j-1.2.17.zip\apache-log4j-1.2.17;;C:\Users\Damodar Reddy\Desktop\softwares\eclipse-jee-photon-R-win32-x86_64\eclipse;
USERNAME=Damodar Reddy
OS=Windows_NT
PROCESSOR_IDENTIFIER=Intel64 Family 6 Model 61 Stepping 4, GenuineIntel



---------------  S Y S T E M  ---------------

OS: Windows 10.0 , 64 bit Build 17134 (10.0.17134.753)

CPU:total 4 (initial active 4) (2 cores per cpu, 2 threads per core) family 6 model 61 stepping 4, cmov, cx8, fxsr, mmx, sse, sse2, sse3, ssse3, sse4.1, sse4.2, popcnt, avx, avx2, aes, clmul, erms, 3dnowpref, lzcnt, ht, tsc, tscinvbit, bmi1, bmi2, adx

Memory: 4k page, physical 4107352k(457820k free), swap 16690264k(5192k free)

vm_info: Java HotSpot(TM) 64-Bit Server VM (25.241-b07) for windows-amd64 JRE (1.8.0_241-b07), built on Dec 11 2019 10:21:40 by "rejava" with MS VC++ 10.0 (VS2010)

time: Mon Apr 13 16:19:59 2020
timezone: India Standard Time
elapsed time: 2 seconds (0d 0h 0m 2s)

